\BOOKMARK [0][]{bookmark.0.cover.0}{Cover page}{}% 1
\BOOKMARK [0][]{chapter*.1}{Abbreviations and Acronyms}{}% 2
\BOOKMARK [0][]{bookmark.0.contents.0}{Contents}{}% 3
\BOOKMARK [0][]{chapter.1}{1 Introduction}{}% 4
\BOOKMARK [1][-]{section.1.1}{1.1 Problem statement}{chapter.1}% 5
\BOOKMARK [1][-]{section.1.2}{1.2 Helpful hints}{chapter.1}% 6
\BOOKMARK [1][-]{section.1.3}{1.3 Structure of the Thesis}{chapter.1}% 7
\BOOKMARK [0][]{chapter.2}{2 Background}{}% 8
\BOOKMARK [1][-]{section.2.1}{2.1 Language and Structure}{chapter.2}% 9
\BOOKMARK [1][-]{section.2.2}{2.2 Finding and referring to sources}{chapter.2}% 10
\BOOKMARK [2][-]{subsection.2.2.1}{2.2.1 Finding sources}{section.2.2}% 11
\BOOKMARK [2][-]{subsection.2.2.2}{2.2.2 Referring to sources}{section.2.2}% 12
\BOOKMARK [0][]{chapter.3}{3 Environment}{}% 13
\BOOKMARK [1][-]{section.3.1}{3.1 LaTeX working environments}{chapter.3}% 14
\BOOKMARK [2][-]{subsection.3.1.1}{3.1.1 Environment}{section.3.1}% 15
\BOOKMARK [2][-]{subsection.3.1.2}{3.1.2 Editor}{section.3.1}% 16
\BOOKMARK [1][-]{section.3.2}{3.2 Graphics}{chapter.3}% 17
\BOOKMARK [0][]{chapter.4}{4 Methods}{}% 18
\BOOKMARK [0][]{chapter.5}{5 Implementation}{}% 19
\BOOKMARK [0][]{chapter.6}{6 Evaluation}{}% 20
\BOOKMARK [0][]{chapter.7}{7 Discussion}{}% 21
\BOOKMARK [0][]{chapter.8}{8 Conclusions}{}% 22
\BOOKMARK [0][]{appendix.A}{A First appendix}{}% 23
