\BOOKMARK [0][]{bookmark.0.cover.0}{Cover page}{}% 1
\BOOKMARK [0][]{chapter*.1}{Abbreviations and Acronyms}{}% 2
\BOOKMARK [0][]{bookmark.0.contents.0}{Contents}{}% 3
\BOOKMARK [0][]{chapter.1}{1 Introduction}{}% 4
\BOOKMARK [1][-]{section.1.1}{1.1 Context of the Study}{chapter.1}% 5
\BOOKMARK [1][-]{section.1.2}{1.2 Problem statement}{chapter.1}% 6
\BOOKMARK [1][-]{section.1.3}{1.3 Aim and Scope}{chapter.1}% 7
\BOOKMARK [1][-]{section.1.4}{1.4 Significance of the Study}{chapter.1}% 8
\BOOKMARK [1][-]{section.1.5}{1.5 Structure of the Thesis}{chapter.1}% 9
\BOOKMARK [0][]{chapter.2}{2 Background}{}% 10
\BOOKMARK [1][-]{section.2.1}{2.1 Electricity consumption of ICT equipments}{chapter.2}% 11
\BOOKMARK [1][-]{section.2.2}{2.2 Data-center electricity consumption}{chapter.2}% 12
\BOOKMARK [1][-]{section.2.3}{2.3 Energy proportionality}{chapter.2}% 13
\BOOKMARK [1][-]{section.2.4}{2.4 Packet-level and flow-level Simulators}{chapter.2}% 14
\BOOKMARK [1][-]{section.2.5}{2.5 Simulating and modeling energy consumption of large-scale networks}{chapter.2}% 15
\BOOKMARK [1][-]{section.2.6}{2.6 SimGrid}{chapter.2}% 16
\BOOKMARK [1][-]{section.2.7}{2.7 Related Simulators}{chapter.2}% 17
\BOOKMARK [2][-]{subsubsection.2.7.0.1}{2.7.0.1 ECOFEN}{section.2.7}% 18
\BOOKMARK [3][-]{subsubsection.2.7.0.2}{2.7.0.2 GreenCloud}{subsubsection.2.7.0.1}% 19
\BOOKMARK [0][]{chapter.3}{3 Environment}{}% 20
\BOOKMARK [0][]{chapter.4}{4 Methods}{}% 21
\BOOKMARK [1][-]{section.4.1}{4.1 Our Approach}{chapter.4}% 22
\BOOKMARK [0][]{chapter.5}{5 Implementation}{}% 23
\BOOKMARK [0][]{chapter.6}{6 Evaluation}{}% 24
\BOOKMARK [0][]{chapter.7}{7 Discussion}{}% 25
\BOOKMARK [0][]{chapter.8}{8 Conclusions}{}% 26
\BOOKMARK [0][]{appendix.A}{A First appendix}{}% 27
