\BOOKMARK [0][]{bookmark.0.cover.0}{Cover page}{}% 1
\BOOKMARK [0][]{chapter*.1}{Abbreviations and Acronyms}{}% 2
\BOOKMARK [0][]{bookmark.0.contents.0}{Contents}{}% 3
\BOOKMARK [0][]{chapter.1}{1 Introduction}{}% 4
\BOOKMARK [1][-]{section.1.1}{1.1 Problem statement}{chapter.1}% 5
\BOOKMARK [1][-]{section.1.2}{1.2 Helpful hints}{chapter.1}% 6
\BOOKMARK [1][-]{section.1.3}{1.3 Structure of the Thesis}{chapter.1}% 7
\BOOKMARK [0][]{chapter.2}{2 Background}{}% 8
\BOOKMARK [1][-]{section.2.1}{2.1 Electricity consumption of ICT equipments}{chapter.2}% 9
\BOOKMARK [1][-]{section.2.2}{2.2 Data-center electricity consumption}{chapter.2}% 10
\BOOKMARK [1][-]{section.2.3}{2.3 Energy proportionality}{chapter.2}% 11
\BOOKMARK [2][-]{subsection.2.3.1}{2.3.1 Packet-level and flow-level Simulators}{section.2.3}% 12
\BOOKMARK [1][-]{section.2.4}{2.4 Simulating energy consumption of large-scale networks}{chapter.2}% 13
\BOOKMARK [1][-]{section.2.5}{2.5 SimGrid}{chapter.2}% 14
\BOOKMARK [0][]{chapter.3}{3 Environment}{}% 15
\BOOKMARK [1][-]{section.3.1}{3.1 LaTeX working environments}{chapter.3}% 16
\BOOKMARK [2][-]{subsection.3.1.1}{3.1.1 Environment}{section.3.1}% 17
\BOOKMARK [2][-]{subsection.3.1.2}{3.1.2 Editor}{section.3.1}% 18
\BOOKMARK [1][-]{section.3.2}{3.2 Graphics}{chapter.3}% 19
\BOOKMARK [0][]{chapter.4}{4 Methods}{}% 20
\BOOKMARK [0][]{chapter.5}{5 Implementation}{}% 21
\BOOKMARK [0][]{chapter.6}{6 Evaluation}{}% 22
\BOOKMARK [0][]{chapter.7}{7 Discussion}{}% 23
\BOOKMARK [0][]{chapter.8}{8 Conclusions}{}% 24
\BOOKMARK [0][]{appendix.A}{A First appendix}{}% 25
