\BOOKMARK [1][-]{section*.1}{\376\377\000A\000b\000s\000t\000r\000a\000c\000t}{}% 1
\BOOKMARK [1][-]{section.1}{\376\377\0001\000\040\000I\000n\000t\000r\000o\000d\000u\000c\000t\000i\000o\000n}{}% 2
\BOOKMARK [1][-]{section.2}{\376\377\0002\000\040\000B\000a\000c\000k\000g\000r\000o\000u\000n\000d}{}% 3
\BOOKMARK [2][-]{subsection.2.1}{\376\377\0002\000.\0001\000\040\000E\000n\000e\000r\000g\000y\000\040\000c\000o\000n\000s\000u\000m\000p\000t\000i\000o\000n\000\040\000o\000f\000\040\000I\000C\000T\000\040\000e\000q\000u\000i\000p\000m\000e\000n\000t\000s}{section.2}% 4
\BOOKMARK [2][-]{subsection.2.2}{\376\377\0002\000.\0002\000\040\000L\000a\000r\000g\000e\000-\000s\000c\000a\000l\000e\000\040\000n\000e\000t\000w\000o\000r\000k\000\040\000e\000n\000e\000r\000g\000y\000\040\000c\000o\000n\000s\000u\000m\000p\000t\000i\000o\000n}{section.2}% 5
\BOOKMARK [2][-]{subsection.2.3}{\376\377\0002\000.\0003\000\040\000E\000n\000e\000r\000g\000y\000\040\000p\000r\000o\000p\000o\000r\000t\000i\000o\000n\000a\000l\000i\000t\000y}{section.2}% 6
\BOOKMARK [2][-]{subsection.2.4}{\376\377\0002\000.\0004\000\040\000P\000a\000c\000k\000e\000t\000-\000l\000e\000v\000e\000l\000\040\000a\000n\000d\000\040\000f\000l\000o\000w\000-\000l\000e\000v\000e\000l\000\040\000s\000i\000m\000u\000l\000a\000t\000o\000r\000s}{section.2}% 7
\BOOKMARK [2][-]{subsection.2.5}{\376\377\0002\000.\0005\000\040\000S\000i\000m\000u\000l\000a\000t\000i\000n\000g\000\040\000a\000n\000d\000\040\000m\000o\000d\000e\000l\000i\000n\000g\000\040\000e\000n\000e\000r\000g\000y\000\040\000c\000o\000n\000s\000u\000m\000p\000t\000i\000o\000n\000\040\000o\000f\000\040\000l\000a\000r\000g\000e\000-\000s\000c\000a\000l\000e\000\040\000n\000e\000t\000w\000o\000r\000k\000s}{section.2}% 8
\BOOKMARK [1][-]{section.3}{\376\377\0003\000\040\000S\000i\000m\000G\000r\000i\000d}{}% 9
\BOOKMARK [1][-]{section.4}{\376\377\0004\000\040\000R\000e\000l\000a\000t\000e\000d\000\040\000S\000i\000m\000u\000l\000a\000t\000o\000r\000s}{}% 10
\BOOKMARK [2][-]{subsection.4.1}{\376\377\0004\000.\0001\000\040\000E\000C\000O\000F\000E\000N}{section.4}% 11
\BOOKMARK [2][-]{subsection.4.2}{\376\377\0004\000.\0002\000\040\000G\000r\000e\000e\000n\000C\000l\000o\000u\000d}{section.4}% 12
\BOOKMARK [1][-]{section.5}{\376\377\0005\000\040\000M\000e\000t\000h\000o\000d}{}% 13
\BOOKMARK [1][-]{section.6}{\376\377\0006\000\040\000M\000o\000d\000e\000l\000i\000n\000g\000\040\000e\000n\000e\000r\000g\000y\000\040\000c\000o\000n\000s\000u\000m\000p\000t\000i\000o\000n}{}% 14
\BOOKMARK [2][-]{subsection.6.1}{\376\377\0006\000.\0001\000\040\000S\000i\000m\000G\000r\000i\000d\000'\000s\000\040\000l\000i\000n\000k\000\040\000e\000n\000e\000r\000g\000y\000\040\000m\000o\000d\000e\000l}{section.6}% 15
\BOOKMARK [2][-]{subsection.6.2}{\376\377\0006\000.\0002\000\040\000A\000c\000c\000u\000r\000a\000c\000y\000\040\000V\000a\000l\000i\000d\000a\000t\000i\000o\000n}{section.6}% 16
\BOOKMARK [2][-]{subsection.6.3}{\376\377\0006\000.\0003\000\040\000S\000c\000a\000l\000a\000b\000i\000l\000i\000t\000y\000\040\000V\000a\000l\000i\000d\000a\000t\000i\000o\000n}{section.6}% 17
\BOOKMARK [1][-]{section.7}{\376\377\0007\000\040\000D\000i\000s\000c\000u\000s\000s\000i\000o\000n}{}% 18
\BOOKMARK [1][-]{section.8}{\376\377\0008\000\040\000C\000o\000n\000c\000l\000u\000s\000i\000o\000n\000s}{}% 19
\BOOKMARK [1][-]{section*.18}{\376\377\000A\000c\000k\000n\000o\000w\000l\000e\000d\000g\000m\000e\000n\000t\000s}{}% 20
\BOOKMARK [1][-]{section*.20}{\376\377\000R\000e\000f\000e\000r\000e\000n\000c\000e\000s}{}% 21
